<?xml version="1.0" encoding="UTF-8"?>
<testsuite xmlns:xsi="http://www.w3.org/2001/XMLSchema-instance" xsi:noNamespaceSchemaLocation="https://maven.apache.org/surefire/maven-surefire-plugin/xsd/surefire-test-report-3.0.xsd" version="3.0" name="com.neptune.cbawrapper.CbawrapperApplicationTests" time="9.265" tests="1" errors="0" skipped="0" failures="0">
  <properties>
[...]
</properties>
  <testcase name="contextLoads" classname="com.neptune.cbawrapper.CbawrapperApplicationTests" time="1.136">
    <system-out><![CDATA[Standard Commons Logging discovery in action with spring-jcl: please remove commons-logging.jar from classpath in order to avoid potential conflicts
14:01:02.454 [main] INFO org.springframework.test.context.support.AnnotationConfigContextLoaderUtils -- Could not detect default configuration classes for test class [com.neptune.cbawrapper.CbawrapperApplicationTests]: CbawrapperApplicationTests does not declare any static, non-private, non-final, nested classes annotated with @Configuration.
14:01:02.707 [main] INFO org.springframework.boot.test.context.SpringBootTestContextBootstrapper -- Found @SpringBootConfiguration com.neptune.cbawrapper.CbawrapperApplication for test class com.neptune.cbawrapper.CbawrapperApplicationTests
 ,-----.,-----.   ,---. ,--.   ,--.,------.   ,---.  ,------. ,------. ,------.,------.
'  .--./|  |) /_ /  O  \|  |   |  ||  .--. ' /  O  \ |  .--. '|  .--. '|  .---'|  .--. '
|  |    |  .-.  \  .-.  |  |.'.|  ||  '--'.'|  .-.  ||  '--' ||  '--' ||  `--, |  '--'.'
'  '--'\|  '--' /  | |  |   ,'.   ||  |\  \ |  | |  ||  | --' |  | --' |  `---.|  |\  \
 `-----'`------'`--' `--'--'   '--'`--' '--'`--' `--'`--'     `--'     `------'`--' '--'
2025-05-26T14:01:03.442+01:00  INFO 26023 --- [cbawrapper] [           main] c.n.c.CbawrapperApplicationTests         : Starting CbawrapperApplicationTests using Java 17.0.9 with PID 26023 (started by pc in /Users/pc/Desktop/Work/IdeaProjects/cbawrapper)
2025-05-26T14:01:03.445+01:00  INFO 26023 --- [cbawrapper] [           main] c.n.c.CbawrapperApplicationTests         : The following 1 profile is active: "docker"
2025-05-26T14:01:05.654+01:00  INFO 26023 --- [cbawrapper] [           main] .s.d.r.c.RepositoryConfigurationDelegate : Bootstrapping Spring Data MongoDB repositories in DEFAULT mode.
2025-05-26T14:01:05.788+01:00  INFO 26023 --- [cbawrapper] [           main] .s.d.r.c.RepositoryConfigurationDelegate : Finished Spring Data repository scanning in 129 ms. Found 15 MongoDB repository interfaces.
2025-05-26T14:01:06.142+01:00  INFO 26023 --- [cbawrapper] [           main] o.s.cloud.context.scope.GenericScope     : BeanFactory id=427950c9-d48d-3543-9d19-a9f61b2a09ff
2025-05-26T14:01:07.427+01:00  INFO 26023 --- [cbawrapper] [           main] org.mongodb.driver.client                : MongoClient with metadata {"driver": {"name": "mongo-java-driver|sync|spring-boot", "version": "5.0.1"}, "os": {"type": "Darwin", "name": "Mac OS X", "architecture": "x86_64", "version": "15.3.1"}, "platform": "Java/Amazon.com Inc./17.0.9+8-LTS"} created with settings MongoClientSettings{readPreference=primary, writeConcern=WriteConcern{w=null, wTimeout=null ms, journal=null}, retryWrites=true, retryReads=true, readConcern=ReadConcern{level=null}, credential=MongoCredential{mechanism=null, userName='kunlethompson2', source='admin', password=<hidden>, mechanismProperties=<hidden>}, transportSettings=null, commandListeners=[io.micrometer.core.instrument.binder.mongodb.MongoMetricsCommandListener@7ac48e10], codecRegistry=ProvidersCodecRegistry{codecProviders=[ValueCodecProvider{}, BsonValueCodecProvider{}, DBRefCodecProvider{}, DBObjectCodecProvider{}, DocumentCodecProvider{}, CollectionCodecProvider{}, IterableCodecProvider{}, MapCodecProvider{}, GeoJsonCodecProvider{}, GridFSFileCodecProvider{}, Jsr310CodecProvider{}, JsonObjectCodecProvider{}, BsonCodecProvider{}, EnumCodecProvider{}, com.mongodb.client.model.mql.ExpressionCodecProvider@4c24f3a2, com.mongodb.Jep395RecordCodecProvider@783b3aa0, com.mongodb.KotlinCodecProvider@2ec85a25]}, loggerSettings=LoggerSettings{maxDocumentLength=1000}, clusterSettings={hosts=[127.0.0.1:27017], srvHost=paydb.3mvwp.mongodb.net, srvServiceName=mongodb, mode=MULTIPLE, requiredClusterType=REPLICA_SET, requiredReplicaSetName='atlas-7zxgho-shard-0', serverSelector='null', clusterListeners='[]', serverSelectionTimeout='30000 ms', localThreshold='15 ms'}, socketSettings=SocketSettings{connectTimeoutMS=10000, readTimeoutMS=0, receiveBufferSize=0, proxySettings=ProxySettings{host=null, port=null, username=null, password=null}}, heartbeatSocketSettings=SocketSettings{connectTimeoutMS=10000, readTimeoutMS=10000, receiveBufferSize=0, proxySettings=ProxySettings{host=null, port=null, username=null, password=null}}, connectionPoolSettings=ConnectionPoolSettings{maxSize=100, minSize=0, maxWaitTimeMS=120000, maxConnectionLifeTimeMS=0, maxConnectionIdleTimeMS=0, maintenanceInitialDelayMS=0, maintenanceFrequencyMS=60000, connectionPoolListeners=[io.micrometer.core.instrument.binder.mongodb.MongoMetricsConnectionPoolListener@3caee3a8], maxConnecting=2}, serverSettings=ServerSettings{heartbeatFrequencyMS=10000, minHeartbeatFrequencyMS=500, serverListeners='[]', serverMonitorListeners='[]'}, sslSettings=SslSettings{enabled=true, invalidHostNameAllowed=false, context=null}, applicationName='null', compressorList=[], uuidRepresentation=JAVA_LEGACY, serverApi=null, autoEncryptionSettings=null, dnsClient=null, inetAddressResolver=null, contextProvider=null}
2025-05-26T14:01:09.930+01:00  INFO 26023 --- [cbawrapper] [           main] o.s.b.a.e.web.EndpointLinksResolver      : Exposing 16 endpoints beneath base path '/actuator'
2025-05-26T14:01:10.018+01:00  INFO 26023 --- [cbawrapper] [           main] c.n.c.CbawrapperApplicationTests         : Started CbawrapperApplicationTests in 7.055 seconds (process running for 9.085)
2025-05-26T14:01:10.993+01:00  INFO 26023 --- [cbawrapper] [vwp.mongodb.net] org.mongodb.driver.cluster               : Adding discovered server paydb-shard-00-02.3mvwp.mongodb.net:27017 to client view of cluster
2025-05-26T14:01:11.053+01:00  INFO 26023 --- [cbawrapper] [vwp.mongodb.net] org.mongodb.driver.cluster               : Adding discovered server paydb-shard-00-00.3mvwp.mongodb.net:27017 to client view of cluster
2025-05-26T14:01:11.057+01:00  INFO 26023 --- [cbawrapper] [vwp.mongodb.net] org.mongodb.driver.cluster               : Adding discovered server paydb-shard-00-01.3mvwp.mongodb.net:27017 to client view of cluster
]]></system-out>
  </testcase>
</testsuite>